<?xml version="1.0" encoding="UTF-8"?>
<testsuite xmlns:xsi="http://www.w3.org/2001/XMLSchema-instance" xsi:noNamespaceSchemaLocation="https://maven.apache.org/surefire/maven-surefire-plugin/xsd/surefire-test-report-3.0.xsd" version="3.0" name="com.findmyshot.service.FaceEmbeddingServiceTest" time="0.872" tests="1" errors="0" skipped="0" failures="0">
  <properties>
[...]
</properties>
  <testcase name="testExtractEmbedding" classname="com.findmyshot.service.FaceEmbeddingServiceTest" time="0.866">
    <system-out><![CDATA[2026-07-14T02:40:23.756+05:30  INFO 31608 --- [findmyshot-backend] [           main] c.f.service.FaceEmbeddingService         : Initializing ONNX models. Detection: models/det_500m.onnx, Recognition: models/w600k_mbf.onnx
2026-07-14T02:40:23.824+05:30  INFO 31608 --- [findmyshot-backend] [           main] c.f.service.FaceEmbeddingService         : Face detection model loaded successfully. Inputs: [input.1], Outputs: [443, 468, 493, 446, 471, 496, 449, 474, 499]
2026-07-14T02:40:23.953+05:30  INFO 31608 --- [findmyshot-backend] [           main] c.f.service.FaceEmbeddingService         : Face recognition model loaded successfully. Inputs: [input.1], Outputs: [516]
2026-07-14T02:40:23.959+05:30 DEBUG 31608 --- [findmyshot-backend] [           main] c.f.service.FaceEmbeddingService         : Extracting primary embedding for image: E:\Placement Preparation\findmyshot\findmyshot-backend\target\test-classes\face.jpg
2026-07-14T02:40:24.274+05:30  INFO 31608 --- [findmyshot-backend] [           main] c.f.service.FaceEmbeddingService         : Primary face detected. Bbox: [156.86288, 154.0862, 220.7216, 243.97307], area: 5740.0605, score: 0.7611145
2026-07-14T02:40:24.375+05:30 DEBUG 31608 --- [findmyshot-backend] [           main] c.f.service.FaceEmbeddingService         : Extracting all face embeddings for image: E:\Placement Preparation\findmyshot\findmyshot-backend\target\test-classes\face.jpg
2026-07-14T02:40:24.577+05:30  INFO 31608 --- [findmyshot-backend] [           main] c.f.service.FaceEmbeddingService         : Extracted 2 embeddings from image: E:\Placement Preparation\findmyshot\findmyshot-backend\target\test-classes\face.jpg
2026-07-14T02:40:24.581+05:30  INFO 31608 --- [findmyshot-backend] [           main] c.f.service.FaceEmbeddingService         : Closing ONNX sessions...
]]></system-out>
  </testcase>
</testsuite>