<?xml version="1.0" encoding="UTF-8"?>
<testsuite xmlns:xsi="http://www.w3.org/2001/XMLSchema-instance" xsi:noNamespaceSchemaLocation="https://maven.apache.org/surefire/maven-surefire-plugin/xsd/surefire-test-report-3.0.xsd" version="3.0" name="com.findmyshot.FindmyshotBackendApplicationTests" time="10.046" tests="2" errors="0" skipped="0" failures="0">
  <properties>
[...]
</properties>
  <testcase name="healthzEndpointReturnsDegradedOrOk" classname="com.findmyshot.FindmyshotBackendApplicationTests" time="2.188">
    <system-out><![CDATA[02:40:13.944 [main] INFO org.springframework.test.context.support.AnnotationConfigContextLoaderUtils -- Could not detect default configuration classes for test class [com.findmyshot.FindmyshotBackendApplicationTests]: FindmyshotBackendApplicationTests does not declare any static, non-private, non-final, nested classes annotated with @Configuration.
02:40:14.116 [main] INFO org.springframework.boot.test.context.SpringBootTestContextBootstrapper -- Found @SpringBootConfiguration com.findmyshot.FindmyshotBackendApplication for test class com.findmyshot.FindmyshotBackendApplicationTests

  .   ____          _            __ _ _
 /\\ / ___'_ __ _ _(_)_ __  __ _ \ \ \ \
( ( )\___ | '_ | '_| | '_ \/ _` | \ \ \ \
 \\/  ___)| |_)| | | | | || (_| |  ) ) ) )
  '  |____| .__|_| |_|_| |_\__, | / / / /
 =========|_|==============|___/=/_/_/_/

 :: Spring Boot ::                (v3.3.1)

2026-07-14T02:40:14.892+05:30  INFO 31608 --- [findmyshot-backend] [           main] c.f.FindmyshotBackendApplicationTests    : Starting FindmyshotBackendApplicationTests using Java 21.0.8 with PID 31608 (started by bhatk in E:\Placement Preparation\findmyshot\findmyshot-backend)
2026-07-14T02:40:14.894+05:30 DEBUG 31608 --- [findmyshot-backend] [           main] c.f.FindmyshotBackendApplicationTests    : Running with Spring Boot v3.3.1, Spring v6.1.10
2026-07-14T02:40:14.896+05:30  INFO 31608 --- [findmyshot-backend] [           main] c.f.FindmyshotBackendApplicationTests    : The following 1 profile is active: "local"
2026-07-14T02:40:16.410+05:30  INFO 31608 --- [findmyshot-backend] [           main] .s.d.r.c.RepositoryConfigurationDelegate : Bootstrapping Spring Data MongoDB repositories in DEFAULT mode.
2026-07-14T02:40:16.488+05:30  INFO 31608 --- [findmyshot-backend] [           main] .s.d.r.c.RepositoryConfigurationDelegate : Finished Spring Data repository scanning in 70 ms. Found 1 MongoDB repository interface.
2026-07-14T02:40:17.532+05:30  INFO 31608 --- [findmyshot-backend] [2u6.mongodb.net] org.mongodb.driver.cluster               : Adding discovered server ac-bq2abif-shard-00-01.yvll2u6.mongodb.net:27017 to client view of cluster
2026-07-14T02:40:17.544+05:30  INFO 31608 --- [findmyshot-backend] [           main] org.mongodb.driver.client                : MongoClient with metadata {"application": {"name": "Cluster0"}, "driver": {"name": "mongo-java-driver|sync|spring-boot", "version": "5.0.1"}, "os": {"type": "Windows", "name": "Windows 11", "architecture": "amd64", "version": "10.0"}, "platform": "Java/JetBrains s.r.o./21.0.8+-14196175-b1038.72"} created with settings MongoClientSettings{readPreference=primary, writeConcern=WriteConcern{w=majority, wTimeout=null ms, journal=null}, retryWrites=true, retryReads=true, readConcern=ReadConcern{level=null}, credential=MongoCredential{mechanism=null, userName='bhatkudavbhavesh_db_user', source='admin', password=<hidden>, mechanismProperties=<hidden>}, transportSettings=null, commandListeners=[io.micrometer.core.instrument.binder.mongodb.MongoMetricsCommandListener@3e38c472], codecRegistry=ProvidersCodecRegistry{codecProviders=[ValueCodecProvider{}, BsonValueCodecProvider{}, DBRefCodecProvider{}, DBObjectCodecProvider{}, DocumentCodecProvider{}, CollectionCodecProvider{}, IterableCodecProvider{}, MapCodecProvider{}, GeoJsonCodecProvider{}, GridFSFileCodecProvider{}, Jsr310CodecProvider{}, JsonObjectCodecProvider{}, BsonCodecProvider{}, EnumCodecProvider{}, com.mongodb.client.model.mql.ExpressionCodecProvider@2ee92e7d, com.mongodb.Jep395RecordCodecProvider@759a678a, com.mongodb.KotlinCodecProvider@6cdbe5ec]}, loggerSettings=LoggerSettings{maxDocumentLength=1000}, clusterSettings={hosts=[127.0.0.1:27017], srvHost=cluster0.yvll2u6.mongodb.net, srvServiceName=mongodb, mode=MULTIPLE, requiredClusterType=REPLICA_SET, requiredReplicaSetName='atlas-12swvk-shard-0', serverSelector='null', clusterListeners='[]', serverSelectionTimeout='5000 ms', localThreshold='15 ms'}, socketSettings=SocketSettings{connectTimeoutMS=5000, readTimeoutMS=0, receiveBufferSize=0, proxySettings=ProxySettings{host=null, port=null, username=null, password=null}}, heartbeatSocketSettings=SocketSettings{connectTimeoutMS=5000, readTimeoutMS=5000, receiveBufferSize=0, proxySettings=ProxySettings{host=null, port=null, username=null, password=null}}, connectionPoolSettings=ConnectionPoolSettings{maxSize=100, minSize=0, maxWaitTimeMS=120000, maxConnectionLifeTimeMS=0, maxConnectionIdleTimeMS=0, maintenanceInitialDelayMS=0, maintenanceFrequencyMS=60000, connectionPoolListeners=[io.micrometer.core.instrument.binder.mongodb.MongoMetricsConnectionPoolListener@14b8a751], maxConnecting=2}, serverSettings=ServerSettings{heartbeatFrequencyMS=10000, minHeartbeatFrequencyMS=500, serverListeners='[]', serverMonitorListeners='[]'}, sslSettings=SslSettings{enabled=true, invalidHostNameAllowed=false, context=null}, applicationName='Cluster0', compressorList=[], uuidRepresentation=JAVA_LEGACY, serverApi=null, autoEncryptionSettings=null, dnsClient=null, inetAddressResolver=null, contextProvider=null}
2026-07-14T02:40:17.578+05:30  INFO 31608 --- [findmyshot-backend] [2u6.mongodb.net] org.mongodb.driver.cluster               : Adding discovered server ac-bq2abif-shard-00-02.yvll2u6.mongodb.net:27017 to client view of cluster
2026-07-14T02:40:17.583+05:30  INFO 31608 --- [findmyshot-backend] [2u6.mongodb.net] org.mongodb.driver.cluster               : Adding discovered server ac-bq2abif-shard-00-00.yvll2u6.mongodb.net:27017 to client view of cluster
2026-07-14T02:40:18.307+05:30  INFO 31608 --- [findmyshot-backend] [           main] c.f.service.FaceEmbeddingService         : Initializing ONNX models. Detection: models/det_500m.onnx, Recognition: models/w600k_mbf.onnx
2026-07-14T02:40:18.782+05:30  INFO 31608 --- [findmyshot-backend] [ngodb.net:27017] org.mongodb.driver.cluster               : Monitor thread successfully connected to server with description ServerDescription{address=ac-bq2abif-shard-00-01.yvll2u6.mongodb.net:27017, type=REPLICA_SET_PRIMARY, state=CONNECTED, ok=true, minWireVersion=0, maxWireVersion=25, maxDocumentSize=16777216, logicalSessionTimeoutMinutes=30, roundTripTimeNanos=765304400, setName='atlas-12swvk-shard-0', canonicalAddress=ac-bq2abif-shard-00-01.yvll2u6.mongodb.net:27017, hosts=[ac-bq2abif-shard-00-01.yvll2u6.mongodb.net:27017, ac-bq2abif-shard-00-00.yvll2u6.mongodb.net:27017, ac-bq2abif-shard-00-02.yvll2u6.mongodb.net:27017], passives=[], arbiters=[], primary='ac-bq2abif-shard-00-01.yvll2u6.mongodb.net:27017', tagSet=TagSet{[Tag{name='availabilityZone', value='aps1-az3'}, Tag{name='cacheState', value='READY'}, Tag{name='diskState', value='READY'}, Tag{name='nodeType', value='ELECTABLE'}, Tag{name='provider', value='AWS'}, Tag{name='region', value='AP_SOUTH_1'}, Tag{name='workloadType', value='OPERATIONAL'}]}, electionId=7fffffff0000000000000212, setVersion=193, topologyVersion=TopologyVersion{processId=6a4fc6644122fa3e239f9c36, counter=6}, lastWriteDate=Tue Jul 14 02:40:18 IST 2026, lastUpdateTimeNanos=38992401259500}
2026-07-14T02:40:18.783+05:30  INFO 31608 --- [findmyshot-backend] [ngodb.net:27017] org.mongodb.driver.cluster               : Monitor thread successfully connected to server with description ServerDescription{address=ac-bq2abif-shard-00-02.yvll2u6.mongodb.net:27017, type=REPLICA_SET_SECONDARY, state=CONNECTED, ok=true, minWireVersion=0, maxWireVersion=25, maxDocumentSize=16777216, logicalSessionTimeoutMinutes=30, roundTripTimeNanos=765355700, setName='atlas-12swvk-shard-0', canonicalAddress=ac-bq2abif-shard-00-02.yvll2u6.mongodb.net:27017, hosts=[ac-bq2abif-shard-00-01.yvll2u6.mongodb.net:27017, ac-bq2abif-shard-00-00.yvll2u6.mongodb.net:27017, ac-bq2abif-shard-00-02.yvll2u6.mongodb.net:27017], passives=[], arbiters=[], primary='ac-bq2abif-shard-00-01.yvll2u6.mongodb.net:27017', tagSet=TagSet{[Tag{name='availabilityZone', value='aps1-az2'}, Tag{name='cacheState', value='READY'}, Tag{name='diskState', value='READY'}, Tag{name='nodeType', value='ELECTABLE'}, Tag{name='provider', value='AWS'}, Tag{name='region', value='AP_SOUTH_1'}, Tag{name='workloadType', value='OPERATIONAL'}]}, electionId=null, setVersion=193, topologyVersion=TopologyVersion{processId=6a4fc6c3f3fe44d2e40feefd, counter=3}, lastWriteDate=Tue Jul 14 02:40:18 IST 2026, lastUpdateTimeNanos=38992401264400}
2026-07-14T02:40:18.782+05:30  INFO 31608 --- [findmyshot-backend] [ngodb.net:27017] org.mongodb.driver.cluster               : Monitor thread successfully connected to server with description ServerDescription{address=ac-bq2abif-shard-00-00.yvll2u6.mongodb.net:27017, type=REPLICA_SET_SECONDARY, state=CONNECTED, ok=true, minWireVersion=0, maxWireVersion=25, maxDocumentSize=16777216, logicalSessionTimeoutMinutes=30, roundTripTimeNanos=765435500, setName='atlas-12swvk-shard-0', canonicalAddress=ac-bq2abif-shard-00-00.yvll2u6.mongodb.net:27017, hosts=[ac-bq2abif-shard-00-01.yvll2u6.mongodb.net:27017, ac-bq2abif-shard-00-00.yvll2u6.mongodb.net:27017, ac-bq2abif-shard-00-02.yvll2u6.mongodb.net:27017], passives=[], arbiters=[], primary='ac-bq2abif-shard-00-01.yvll2u6.mongodb.net:27017', tagSet=TagSet{[Tag{name='availabilityZone', value='aps1-az1'}, Tag{name='cacheState', value='READY'}, Tag{name='diskState', value='READY'}, Tag{name='nodeType', value='ELECTABLE'}, Tag{name='provider', value='AWS'}, Tag{name='region', value='AP_SOUTH_1'}, Tag{name='workloadType', value='OPERATIONAL'}]}, electionId=null, setVersion=193, topologyVersion=TopologyVersion{processId=6a4fc6066f08fab8bda3e6d3, counter=4}, lastWriteDate=Tue Jul 14 02:40:18 IST 2026, lastUpdateTimeNanos=38992401340600}
2026-07-14T02:40:18.789+05:30  INFO 31608 --- [findmyshot-backend] [ngodb.net:27017] org.mongodb.driver.cluster               : Discovered replica set primary ac-bq2abif-shard-00-01.yvll2u6.mongodb.net:27017 with max election id 7fffffff0000000000000212 and max set version 193
2026-07-14T02:40:19.139+05:30  INFO 31608 --- [findmyshot-backend] [           main] c.f.service.FaceEmbeddingService         : Face detection model loaded successfully. Inputs: [input.1], Outputs: [443, 468, 493, 446, 471, 496, 449, 474, 499]
2026-07-14T02:40:19.259+05:30  INFO 31608 --- [findmyshot-backend] [           main] c.f.service.FaceEmbeddingService         : Face recognition model loaded successfully. Inputs: [input.1], Outputs: [516]
2026-07-14T02:40:19.294+05:30  INFO 31608 --- [findmyshot-backend] [           main] c.findmyshot.service.CloudinaryService   : Initializing Cloudinary client with cloud_name: dykdc2ff7
2026-07-14T02:40:20.168+05:30  INFO 31608 --- [findmyshot-backend] [           main] o.s.b.a.w.s.WelcomePageHandlerMapping    : Adding welcome page: class path resource [static/index.html]
2026-07-14T02:40:21.053+05:30  INFO 31608 --- [findmyshot-backend] [           main] o.s.b.t.m.w.SpringBootMockServletContext : Initializing Spring TestDispatcherServlet ''
2026-07-14T02:40:21.053+05:30  INFO 31608 --- [findmyshot-backend] [           main] o.s.t.web.servlet.TestDispatcherServlet  : Initializing Servlet ''
2026-07-14T02:40:21.074+05:30  INFO 31608 --- [findmyshot-backend] [           main] o.s.b.a.e.web.EndpointLinksResolver      : Exposing 1 endpoint beneath base path '/actuator'
2026-07-14T02:40:21.097+05:30  INFO 31608 --- [findmyshot-backend] [           main] o.s.t.web.servlet.TestDispatcherServlet  : Completed initialization in 42 ms
2026-07-14T02:40:21.200+05:30  INFO 31608 --- [findmyshot-backend] [           main] c.f.FindmyshotBackendApplicationTests    : Started FindmyshotBackendApplicationTests in 6.846 seconds (process running for 8.815)
]]></system-out>
    <system-err><![CDATA[WARNING: A Java agent has been loaded dynamically (C:\Users\bhatk\.m2\repository\net\bytebuddy\byte-buddy-agent\1.14.17\byte-buddy-agent-1.14.17.jar)
WARNING: If a serviceability tool is in use, please run with -XX:+EnableDynamicAgentLoading to hide this warning
WARNING: If a serviceability tool is not in use, please run with -Djdk.instrument.traceUsage for more information
WARNING: Dynamic loading of agents will be disallowed by default in a future release
]]></system-err>
  </testcase>
  <testcase name="contextLoads" classname="com.findmyshot.FindmyshotBackendApplicationTests" time="0.008"/>
</testsuite>